[0m15:49:28.439449 [debug] [MainThread]: Sending event: {'category': 'dbt', 'action': 'invocation', 'label': 'start', 'context': [<snowplow_tracker.self_describing_json.SelfDescribingJson object at 0x1067ad1f0>, <snowplow_tracker.self_describing_json.SelfDescribingJson object at 0x10808f910>, <snowplow_tracker.self_describing_json.SelfDescribingJson object at 0x10808f880>]}


============================== 15:49:28.449102 | a26535f6-70e4-491b-a91e-ba78514b9b8e ==============================
[0m15:49:28.449102 [info ] [MainThread]: Running with dbt=1.5.0
[0m15:49:28.449443 [debug] [MainThread]: running dbt with arguments {'printer_width': '80', 'indirect_selection': 'eager', 'write_json': 'True', 'log_cache_events': 'False', 'partial_parse': 'True', 'cache_selected_only': 'False', 'warn_error': 'None', 'debug': 'False', 'version_check': 'True', 'log_path': 'logs', 'profiles_dir': '/Users/tsambruni/.dbt', 'fail_fast': 'False', 'use_colors': 'True', 'use_experimental_parser': 'False', 'no_print': 'None', 'quiet': 'False', 'warn_error_options': 'WarnErrorOptions(include=[], exclude=[])', 'static_parser': 'True', 'introspect': 'True', 'log_format': 'default', 'target_path': 'None', 'send_anonymous_usage_stats': 'True'}
[0m15:49:28.449788 [info ] [MainThread]: dbt version: 1.5.0
[0m15:49:28.449978 [info ] [MainThread]: python version: 3.9.16
[0m15:49:28.450157 [info ] [MainThread]: python path: /opt/homebrew/Cellar/dbt-bigquery/1.5.0/libexec/bin/python3.9
[0m15:49:28.450332 [info ] [MainThread]: os info: macOS-13.3.1-arm64-arm-64bit
[0m15:49:28.450501 [info ] [MainThread]: Using profiles.yml file at /Users/tsambruni/.dbt/profiles.yml
[0m15:49:28.450675 [info ] [MainThread]: Using dbt_project.yml file at /Users/tsambruni/Documents/dev/projects/milan-air-quality/dags/dbt/dbt_air_quality/dbt_project.yml
[0m15:49:28.450844 [info ] [MainThread]: Configuration:
[0m15:49:29.268756 [info ] [MainThread]:   profiles.yml file [[32mOK found and valid[0m]
[0m15:49:29.269100 [info ] [MainThread]:   dbt_project.yml file [[31mERROR not found[0m]
[0m15:49:29.269301 [info ] [MainThread]: Required dependencies:
[0m15:49:29.269524 [debug] [MainThread]: Executing "git --help"
[0m15:49:29.275750 [debug] [MainThread]: STDOUT: "b"usage: git [-v | --version] [-h | --help] [-C <path>] [-c <name>=<value>]\n           [--exec-path[=<path>]] [--html-path] [--man-path] [--info-path]\n           [-p | --paginate | -P | --no-pager] [--no-replace-objects] [--bare]\n           [--git-dir=<path>] [--work-tree=<path>] [--namespace=<name>]\n           [--config-env=<name>=<envvar>] <command> [<args>]\n\nThese are common Git commands used in various situations:\n\nstart a working area (see also: git help tutorial)\n   clone     Clone a repository into a new directory\n   init      Create an empty Git repository or reinitialize an existing one\n\nwork on the current change (see also: git help everyday)\n   add       Add file contents to the index\n   mv        Move or rename a file, a directory, or a symlink\n   restore   Restore working tree files\n   rm        Remove files from the working tree and from the index\n\nexamine the history and state (see also: git help revisions)\n   bisect    Use binary search to find the commit that introduced a bug\n   diff      Show changes between commits, commit and working tree, etc\n   grep      Print lines matching a pattern\n   log       Show commit logs\n   show      Show various types of objects\n   status    Show the working tree status\n\ngrow, mark and tweak your common history\n   branch    List, create, or delete branches\n   commit    Record changes to the repository\n   merge     Join two or more development histories together\n   rebase    Reapply commits on top of another base tip\n   reset     Reset current HEAD to the specified state\n   switch    Switch branches\n   tag       Create, list, delete or verify a tag object signed with GPG\n\ncollaborate (see also: git help workflows)\n   fetch     Download objects and refs from another repository\n   pull      Fetch from and integrate with another repository or a local branch\n   push      Update remote refs along with associated objects\n\n'git help -a' and 'git help -g' list available subcommands and some\nconcept guides. See 'git help <command>' or 'git help <concept>'\nto read about a specific subcommand or concept.\nSee 'git help git' for an overview of the system.\n""
[0m15:49:29.276534 [debug] [MainThread]: STDERR: "b''"
[0m15:49:29.276807 [info ] [MainThread]:  - git [[32mOK found[0m]

[0m15:49:29.277038 [info ] [MainThread]: Connection:
[0m15:49:29.277326 [info ] [MainThread]:   method: service-account
[0m15:49:29.277504 [info ] [MainThread]:   database: milan-air-data
[0m15:49:29.277674 [info ] [MainThread]:   schema: air_quality_data
[0m15:49:29.277840 [info ] [MainThread]:   location: EU
[0m15:49:29.278007 [info ] [MainThread]:   priority: interactive
[0m15:49:29.278169 [info ] [MainThread]:   timeout_seconds: 300
[0m15:49:29.278337 [info ] [MainThread]:   maximum_bytes_billed: None
[0m15:49:29.278499 [info ] [MainThread]:   execution_project: milan-air-data
[0m15:49:29.278665 [info ] [MainThread]:   job_retry_deadline_seconds: None
[0m15:49:29.278831 [info ] [MainThread]:   job_retries: 1
[0m15:49:29.278997 [info ] [MainThread]:   job_creation_timeout_seconds: None
[0m15:49:29.279161 [info ] [MainThread]:   job_execution_timeout_seconds: 300
[0m15:49:29.279326 [info ] [MainThread]:   gcs_bucket: None
[0m15:49:29.284998 [debug] [MainThread]: Acquiring new bigquery connection 'debug'
[0m15:49:29.286005 [debug] [MainThread]: Opening a new connection, currently in state init
[0m15:49:29.287984 [debug] [MainThread]: On debug: select 1 as id
[0m15:49:32.200274 [debug] [MainThread]: BigQuery adapter: https://console.cloud.google.com/bigquery?project=milan-air-data&j=bq:EU:b79d1477-caf9-4335-9d0e-9cd66920b9ae&page=queryresults
[0m15:49:32.201903 [info ] [MainThread]:   Connection test: [[32mOK connection ok[0m]

[0m15:49:32.202616 [info ] [MainThread]: [31m1 check failed:[0m
[0m15:49:32.203274 [info ] [MainThread]: Could not load dbt_project.yml

[0m15:49:32.204697 [debug] [MainThread]: Command `dbt debug` failed at 15:49:32.204468 after 3.78 seconds
[0m15:49:32.205397 [debug] [MainThread]: Connection 'debug' was properly closed.
[0m15:49:32.206107 [debug] [MainThread]: Sending event: {'category': 'dbt', 'action': 'invocation', 'label': 'end', 'context': [<snowplow_tracker.self_describing_json.SelfDescribingJson object at 0x1067ad1f0>, <snowplow_tracker.self_describing_json.SelfDescribingJson object at 0x108b7c1c0>, <snowplow_tracker.self_describing_json.SelfDescribingJson object at 0x108b7c040>]}
[0m15:49:32.207074 [debug] [MainThread]: Flushing usage events
[0m15:50:25.991458 [debug] [MainThread]: Sending event: {'category': 'dbt', 'action': 'invocation', 'label': 'start', 'context': [<snowplow_tracker.self_describing_json.SelfDescribingJson object at 0x1031bb1f0>, <snowplow_tracker.self_describing_json.SelfDescribingJson object at 0x1055b6a90>, <snowplow_tracker.self_describing_json.SelfDescribingJson object at 0x1055b6a00>]}


============================== 15:50:25.993953 | e0a0495e-d597-494f-9bad-2433bff5c0af ==============================
[0m15:50:25.993953 [info ] [MainThread]: Running with dbt=1.5.0
[0m15:50:25.994289 [debug] [MainThread]: running dbt with arguments {'printer_width': '80', 'indirect_selection': 'eager', 'write_json': 'True', 'log_cache_events': 'False', 'partial_parse': 'True', 'cache_selected_only': 'False', 'profiles_dir': '/Users/tsambruni/.dbt', 'debug': 'False', 'fail_fast': 'False', 'log_path': 'logs', 'warn_error': 'None', 'version_check': 'True', 'use_colors': 'True', 'use_experimental_parser': 'False', 'no_print': 'None', 'quiet': 'False', 'warn_error_options': 'WarnErrorOptions(include=[], exclude=[])', 'static_parser': 'True', 'introspect': 'True', 'log_format': 'default', 'target_path': 'None', 'send_anonymous_usage_stats': 'True'}
[0m15:50:25.994624 [info ] [MainThread]: dbt version: 1.5.0
[0m15:50:25.994829 [info ] [MainThread]: python version: 3.9.16
[0m15:50:25.995007 [info ] [MainThread]: python path: /opt/homebrew/Cellar/dbt-bigquery/1.5.0/libexec/bin/python3.9
[0m15:50:25.995193 [info ] [MainThread]: os info: macOS-13.3.1-arm64-arm-64bit
[0m15:50:25.995362 [info ] [MainThread]: Using profiles.yml file at /Users/tsambruni/.dbt/profiles.yml
[0m15:50:25.995531 [info ] [MainThread]: Using dbt_project.yml file at /Users/tsambruni/Documents/dev/projects/milan-air-quality/dags/dbt/dbt_air_quality/dbt_project.yml
[0m15:50:25.995702 [info ] [MainThread]: Configuration:
[0m15:50:26.184740 [info ] [MainThread]:   profiles.yml file [[32mOK found and valid[0m]
[0m15:50:26.185072 [info ] [MainThread]:   dbt_project.yml file [[31mERROR not found[0m]
[0m15:50:26.185271 [info ] [MainThread]: Required dependencies:
[0m15:50:26.185490 [debug] [MainThread]: Executing "git --help"
[0m15:50:26.192785 [debug] [MainThread]: STDOUT: "b"usage: git [-v | --version] [-h | --help] [-C <path>] [-c <name>=<value>]\n           [--exec-path[=<path>]] [--html-path] [--man-path] [--info-path]\n           [-p | --paginate | -P | --no-pager] [--no-replace-objects] [--bare]\n           [--git-dir=<path>] [--work-tree=<path>] [--namespace=<name>]\n           [--config-env=<name>=<envvar>] <command> [<args>]\n\nThese are common Git commands used in various situations:\n\nstart a working area (see also: git help tutorial)\n   clone     Clone a repository into a new directory\n   init      Create an empty Git repository or reinitialize an existing one\n\nwork on the current change (see also: git help everyday)\n   add       Add file contents to the index\n   mv        Move or rename a file, a directory, or a symlink\n   restore   Restore working tree files\n   rm        Remove files from the working tree and from the index\n\nexamine the history and state (see also: git help revisions)\n   bisect    Use binary search to find the commit that introduced a bug\n   diff      Show changes between commits, commit and working tree, etc\n   grep      Print lines matching a pattern\n   log       Show commit logs\n   show      Show various types of objects\n   status    Show the working tree status\n\ngrow, mark and tweak your common history\n   branch    List, create, or delete branches\n   commit    Record changes to the repository\n   merge     Join two or more development histories together\n   rebase    Reapply commits on top of another base tip\n   reset     Reset current HEAD to the specified state\n   switch    Switch branches\n   tag       Create, list, delete or verify a tag object signed with GPG\n\ncollaborate (see also: git help workflows)\n   fetch     Download objects and refs from another repository\n   pull      Fetch from and integrate with another repository or a local branch\n   push      Update remote refs along with associated objects\n\n'git help -a' and 'git help -g' list available subcommands and some\nconcept guides. See 'git help <command>' or 'git help <concept>'\nto read about a specific subcommand or concept.\nSee 'git help git' for an overview of the system.\n""
[0m15:50:26.193346 [debug] [MainThread]: STDERR: "b''"
[0m15:50:26.193543 [info ] [MainThread]:  - git [[32mOK found[0m]

[0m15:50:26.193735 [info ] [MainThread]: Connection:
[0m15:50:26.193995 [info ] [MainThread]:   method: service-account
[0m15:50:26.194180 [info ] [MainThread]:   database: milan-air-data
[0m15:50:26.194347 [info ] [MainThread]:   schema: air_quality_data
[0m15:50:26.194512 [info ] [MainThread]:   location: EU
[0m15:50:26.194674 [info ] [MainThread]:   priority: interactive
[0m15:50:26.194838 [info ] [MainThread]:   timeout_seconds: 300
[0m15:50:26.195002 [info ] [MainThread]:   maximum_bytes_billed: None
[0m15:50:26.195164 [info ] [MainThread]:   execution_project: milan-air-data
[0m15:50:26.195328 [info ] [MainThread]:   job_retry_deadline_seconds: None
[0m15:50:26.195490 [info ] [MainThread]:   job_retries: 1
[0m15:50:26.195653 [info ] [MainThread]:   job_creation_timeout_seconds: None
[0m15:50:26.195810 [info ] [MainThread]:   job_execution_timeout_seconds: 300
[0m15:50:26.195969 [info ] [MainThread]:   gcs_bucket: None
[0m15:50:26.201291 [debug] [MainThread]: Acquiring new bigquery connection 'debug'
[0m15:50:26.201757 [debug] [MainThread]: Opening a new connection, currently in state init
[0m15:50:26.203235 [debug] [MainThread]: On debug: select 1 as id
[0m15:50:27.204247 [debug] [MainThread]: BigQuery adapter: https://console.cloud.google.com/bigquery?project=milan-air-data&j=bq:EU:a6d6a042-fc08-4be4-a885-9aaa7abe3a25&page=queryresults
[0m15:50:27.206026 [info ] [MainThread]:   Connection test: [[32mOK connection ok[0m]

[0m15:50:27.206883 [info ] [MainThread]: [31m1 check failed:[0m
[0m15:50:27.207506 [info ] [MainThread]: Could not load dbt_project.yml

[0m15:50:27.209192 [debug] [MainThread]: Command `dbt debug` failed at 15:50:27.208884 after 1.23 seconds
[0m15:50:27.210001 [debug] [MainThread]: Connection 'debug' was properly closed.
[0m15:50:27.210676 [debug] [MainThread]: Sending event: {'category': 'dbt', 'action': 'invocation', 'label': 'end', 'context': [<snowplow_tracker.self_describing_json.SelfDescribingJson object at 0x1031bb1f0>, <snowplow_tracker.self_describing_json.SelfDescribingJson object at 0x106cbd400>, <snowplow_tracker.self_describing_json.SelfDescribingJson object at 0x106cbdeb0>]}
[0m15:50:27.211398 [debug] [MainThread]: Flushing usage events
[0m15:50:43.031934 [debug] [MainThread]: Sending event: {'category': 'dbt', 'action': 'invocation', 'label': 'start', 'context': [<snowplow_tracker.self_describing_json.SelfDescribingJson object at 0x103006820>, <snowplow_tracker.self_describing_json.SelfDescribingJson object at 0x1048ef9a0>, <snowplow_tracker.self_describing_json.SelfDescribingJson object at 0x1048ef640>]}


============================== 15:50:43.034982 | 710006fe-5ea5-40e2-ae6f-eb92e5af58c4 ==============================
[0m15:50:43.034982 [info ] [MainThread]: Running with dbt=1.5.0
[0m15:50:43.035332 [debug] [MainThread]: running dbt with arguments {'printer_width': '80', 'indirect_selection': 'eager', 'log_cache_events': 'False', 'write_json': 'True', 'partial_parse': 'True', 'cache_selected_only': 'False', 'profiles_dir': '/Users/tsambruni/.dbt', 'debug': 'False', 'warn_error': 'None', 'log_path': '/Users/tsambruni/Documents/dev/projects/milan-air-quality/dags/dbt/dbt_air_quality/logs', 'version_check': 'True', 'fail_fast': 'False', 'use_colors': 'True', 'use_experimental_parser': 'False', 'no_print': 'None', 'quiet': 'False', 'warn_error_options': 'WarnErrorOptions(include=[], exclude=[])', 'static_parser': 'True', 'introspect': 'True', 'log_format': 'default', 'target_path': 'None', 'send_anonymous_usage_stats': 'True'}
[0m15:50:43.035643 [info ] [MainThread]: dbt version: 1.5.0
[0m15:50:43.035827 [info ] [MainThread]: python version: 3.9.16
[0m15:50:43.036000 [info ] [MainThread]: python path: /opt/homebrew/Cellar/dbt-bigquery/1.5.0/libexec/bin/python3.9
[0m15:50:43.036173 [info ] [MainThread]: os info: macOS-13.3.1-arm64-arm-64bit
[0m15:50:43.036340 [info ] [MainThread]: Using profiles.yml file at /Users/tsambruni/.dbt/profiles.yml
[0m15:50:43.036512 [info ] [MainThread]: Using dbt_project.yml file at /Users/tsambruni/Documents/dev/projects/milan-air-quality/dags/dbt/dbt_air_quality/dbt_project.yml
[0m15:50:43.036684 [info ] [MainThread]: Configuration:
[0m15:50:43.040912 [info ] [MainThread]:   profiles.yml file [[31mERROR invalid[0m]
[0m15:50:43.055777 [info ] [MainThread]:   dbt_project.yml file [[32mOK found and valid[0m]
[0m15:50:43.056114 [info ] [MainThread]: Required dependencies:
[0m15:50:43.056366 [debug] [MainThread]: Executing "git --help"
[0m15:50:43.064431 [debug] [MainThread]: STDOUT: "b"usage: git [-v | --version] [-h | --help] [-C <path>] [-c <name>=<value>]\n           [--exec-path[=<path>]] [--html-path] [--man-path] [--info-path]\n           [-p | --paginate | -P | --no-pager] [--no-replace-objects] [--bare]\n           [--git-dir=<path>] [--work-tree=<path>] [--namespace=<name>]\n           [--config-env=<name>=<envvar>] <command> [<args>]\n\nThese are common Git commands used in various situations:\n\nstart a working area (see also: git help tutorial)\n   clone     Clone a repository into a new directory\n   init      Create an empty Git repository or reinitialize an existing one\n\nwork on the current change (see also: git help everyday)\n   add       Add file contents to the index\n   mv        Move or rename a file, a directory, or a symlink\n   restore   Restore working tree files\n   rm        Remove files from the working tree and from the index\n\nexamine the history and state (see also: git help revisions)\n   bisect    Use binary search to find the commit that introduced a bug\n   diff      Show changes between commits, commit and working tree, etc\n   grep      Print lines matching a pattern\n   log       Show commit logs\n   show      Show various types of objects\n   status    Show the working tree status\n\ngrow, mark and tweak your common history\n   branch    List, create, or delete branches\n   commit    Record changes to the repository\n   merge     Join two or more development histories together\n   rebase    Reapply commits on top of another base tip\n   reset     Reset current HEAD to the specified state\n   switch    Switch branches\n   tag       Create, list, delete or verify a tag object signed with GPG\n\ncollaborate (see also: git help workflows)\n   fetch     Download objects and refs from another repository\n   pull      Fetch from and integrate with another repository or a local branch\n   push      Update remote refs along with associated objects\n\n'git help -a' and 'git help -g' list available subcommands and some\nconcept guides. See 'git help <command>' or 'git help <concept>'\nto read about a specific subcommand or concept.\nSee 'git help git' for an overview of the system.\n""
[0m15:50:43.065047 [debug] [MainThread]: STDERR: "b''"
[0m15:50:43.065241 [info ] [MainThread]:  - git [[32mOK found[0m]

[0m15:50:43.065471 [info ] [MainThread]: [31m1 check failed:[0m
[0m15:50:43.065658 [info ] [MainThread]: Profile loading failed for the following reason:
Runtime Error
  Could not find profile named 'milan_air_quality'


[0m15:50:43.066396 [debug] [MainThread]: Command `dbt debug` failed at 15:50:43.066305 after 0.05 seconds
[0m15:50:43.066676 [debug] [MainThread]: Sending event: {'category': 'dbt', 'action': 'invocation', 'label': 'end', 'context': [<snowplow_tracker.self_describing_json.SelfDescribingJson object at 0x103006820>, <snowplow_tracker.self_describing_json.SelfDescribingJson object at 0x104978760>, <snowplow_tracker.self_describing_json.SelfDescribingJson object at 0x1048c8e50>]}
[0m15:50:43.067032 [debug] [MainThread]: Flushing usage events


============================== 15:50:43.197979 | d983e97b-0fe7-4d78-9f09-4326ec0ee656 ==============================
15:50:43.197979 [info ] [MainThread]: Running with dbt=1.5.0
15:50:43.200119 [debug] [MainThread]: running dbt with arguments {'printer_width': '80', 'indirect_selection': 'eager', 'log_cache_events': 'False', 'write_json': 'True', 'partial_parse': 'True', 'cache_selected_only': 'False', 'profiles_dir': '/Users/tsambruni/.dbt', 'fail_fast': 'False', 'version_check': 'True', 'log_path': '/Users/tsambruni/Documents/dev/projects/milan-air-quality/dags/dbt/dbt_air_quality/logs', 'warn_error': 'None', 'debug': 'False', 'use_colors': 'False', 'use_experimental_parser': 'False', 'no_print': 'None', 'quiet': 'False', 'log_format': 'default', 'static_parser': 'True', 'warn_error_options': 'WarnErrorOptions(include=[], exclude=[])', 'introspect': 'True', 'target_path': 'None', 'send_anonymous_usage_stats': 'False'}
15:50:43.203544 [error] [MainThread]: Encountered an error:
Runtime Error
  Could not find profile named 'milan_air_quality'
15:50:43.203934 [debug] [MainThread]: Command `dbt compile` failed at 15:50:43.203870 after 0.02 seconds
15:50:43.204095 [debug] [MainThread]: Flushing usage events
[0m15:51:11.156199 [debug] [MainThread]: Sending event: {'category': 'dbt', 'action': 'invocation', 'label': 'start', 'context': [<snowplow_tracker.self_describing_json.SelfDescribingJson object at 0x10715b1f0>, <snowplow_tracker.self_describing_json.SelfDescribingJson object at 0x108a47b20>, <snowplow_tracker.self_describing_json.SelfDescribingJson object at 0x108a474f0>]}


============================== 15:51:11.158842 | 024b1ccd-42cf-43a9-adc8-03b7ed66d916 ==============================
[0m15:51:11.158842 [info ] [MainThread]: Running with dbt=1.5.0
[0m15:51:11.159245 [debug] [MainThread]: running dbt with arguments {'printer_width': '80', 'indirect_selection': 'eager', 'write_json': 'True', 'log_cache_events': 'False', 'partial_parse': 'True', 'cache_selected_only': 'False', 'profiles_dir': '/Users/tsambruni/.dbt', 'fail_fast': 'False', 'warn_error': 'None', 'log_path': '/Users/tsambruni/Documents/dev/projects/milan-air-quality/dags/dbt/dbt_air_quality/logs', 'debug': 'False', 'version_check': 'True', 'use_colors': 'True', 'use_experimental_parser': 'False', 'no_print': 'None', 'quiet': 'False', 'warn_error_options': 'WarnErrorOptions(include=[], exclude=[])', 'static_parser': 'True', 'introspect': 'True', 'log_format': 'default', 'target_path': 'None', 'send_anonymous_usage_stats': 'True'}
[0m15:51:11.159591 [info ] [MainThread]: dbt version: 1.5.0
[0m15:51:11.159796 [info ] [MainThread]: python version: 3.9.16
[0m15:51:11.159975 [info ] [MainThread]: python path: /opt/homebrew/Cellar/dbt-bigquery/1.5.0/libexec/bin/python3.9
[0m15:51:11.160152 [info ] [MainThread]: os info: macOS-13.3.1-arm64-arm-64bit
[0m15:51:11.160320 [info ] [MainThread]: Using profiles.yml file at /Users/tsambruni/.dbt/profiles.yml
[0m15:51:11.160494 [info ] [MainThread]: Using dbt_project.yml file at /Users/tsambruni/Documents/dev/projects/milan-air-quality/dags/dbt/dbt_air_quality/dbt_project.yml
[0m15:51:11.160667 [info ] [MainThread]: Configuration:
[0m15:51:11.315737 [info ] [MainThread]:   profiles.yml file [[32mOK found and valid[0m]
[0m15:51:11.329253 [info ] [MainThread]:   dbt_project.yml file [[32mOK found and valid[0m]
[0m15:51:11.329626 [info ] [MainThread]: Required dependencies:
[0m15:51:11.329874 [debug] [MainThread]: Executing "git --help"
[0m15:51:11.335185 [debug] [MainThread]: STDOUT: "b"usage: git [-v | --version] [-h | --help] [-C <path>] [-c <name>=<value>]\n           [--exec-path[=<path>]] [--html-path] [--man-path] [--info-path]\n           [-p | --paginate | -P | --no-pager] [--no-replace-objects] [--bare]\n           [--git-dir=<path>] [--work-tree=<path>] [--namespace=<name>]\n           [--config-env=<name>=<envvar>] <command> [<args>]\n\nThese are common Git commands used in various situations:\n\nstart a working area (see also: git help tutorial)\n   clone     Clone a repository into a new directory\n   init      Create an empty Git repository or reinitialize an existing one\n\nwork on the current change (see also: git help everyday)\n   add       Add file contents to the index\n   mv        Move or rename a file, a directory, or a symlink\n   restore   Restore working tree files\n   rm        Remove files from the working tree and from the index\n\nexamine the history and state (see also: git help revisions)\n   bisect    Use binary search to find the commit that introduced a bug\n   diff      Show changes between commits, commit and working tree, etc\n   grep      Print lines matching a pattern\n   log       Show commit logs\n   show      Show various types of objects\n   status    Show the working tree status\n\ngrow, mark and tweak your common history\n   branch    List, create, or delete branches\n   commit    Record changes to the repository\n   merge     Join two or more development histories together\n   rebase    Reapply commits on top of another base tip\n   reset     Reset current HEAD to the specified state\n   switch    Switch branches\n   tag       Create, list, delete or verify a tag object signed with GPG\n\ncollaborate (see also: git help workflows)\n   fetch     Download objects and refs from another repository\n   pull      Fetch from and integrate with another repository or a local branch\n   push      Update remote refs along with associated objects\n\n'git help -a' and 'git help -g' list available subcommands and some\nconcept guides. See 'git help <command>' or 'git help <concept>'\nto read about a specific subcommand or concept.\nSee 'git help git' for an overview of the system.\n""
[0m15:51:11.336039 [debug] [MainThread]: STDERR: "b''"
[0m15:51:11.336281 [info ] [MainThread]:  - git [[32mOK found[0m]

[0m15:51:11.336510 [info ] [MainThread]: Connection:
[0m15:51:11.336910 [info ] [MainThread]:   method: service-account
[0m15:51:11.337211 [info ] [MainThread]:   database: milan-air-data
[0m15:51:11.337401 [info ] [MainThread]:   schema: air_quality_data
[0m15:51:11.337582 [info ] [MainThread]:   location: EU
[0m15:51:11.337756 [info ] [MainThread]:   priority: interactive
[0m15:51:11.337926 [info ] [MainThread]:   timeout_seconds: 300
[0m15:51:11.338098 [info ] [MainThread]:   maximum_bytes_billed: None
[0m15:51:11.338266 [info ] [MainThread]:   execution_project: milan-air-data
[0m15:51:11.338434 [info ] [MainThread]:   job_retry_deadline_seconds: None
[0m15:51:11.338601 [info ] [MainThread]:   job_retries: 1
[0m15:51:11.338768 [info ] [MainThread]:   job_creation_timeout_seconds: None
[0m15:51:11.338933 [info ] [MainThread]:   job_execution_timeout_seconds: 300
[0m15:51:11.339098 [info ] [MainThread]:   gcs_bucket: None
[0m15:51:11.343922 [debug] [MainThread]: Acquiring new bigquery connection 'debug'
[0m15:51:11.344628 [debug] [MainThread]: Opening a new connection, currently in state init
[0m15:51:11.346514 [debug] [MainThread]: On debug: select 1 as id
[0m15:51:12.362351 [debug] [MainThread]: BigQuery adapter: https://console.cloud.google.com/bigquery?project=milan-air-data&j=bq:EU:3f9c8dba-6deb-4701-a4ec-a7c2f6ab1d3b&page=queryresults
[0m15:51:12.364271 [info ] [MainThread]:   Connection test: [[32mOK connection ok[0m]

[0m15:51:12.365019 [info ] [MainThread]: [32mAll checks passed![0m
[0m15:51:12.366462 [debug] [MainThread]: Command `dbt debug` succeeded at 15:51:12.366207 after 1.22 seconds
[0m15:51:12.367055 [debug] [MainThread]: Connection 'debug' was properly closed.
[0m15:51:12.367549 [debug] [MainThread]: Sending event: {'category': 'dbt', 'action': 'invocation', 'label': 'end', 'context': [<snowplow_tracker.self_describing_json.SelfDescribingJson object at 0x10715b1f0>, <snowplow_tracker.self_describing_json.SelfDescribingJson object at 0x109f61b50>, <snowplow_tracker.self_describing_json.SelfDescribingJson object at 0x109f61c40>]}
[0m15:51:12.368177 [debug] [MainThread]: Flushing usage events
